d:\flyingcar\3d-quadrotor\fcnd-controls-cpp\project\x64\debug\vc141.pdb
d:\flyingcar\3d-quadrotor\fcnd-controls-cpp\project\x64\debug\vc141.idb
d:\flyingcar\3d-quadrotor\fcnd-controls-cpp\project\x64\debug\colorutils.obj
d:\flyingcar\3d-quadrotor\fcnd-controls-cpp\project\x64\debug\drawingfuncs.obj
d:\flyingcar\3d-quadrotor\fcnd-controls-cpp\project\x64\debug\glutmenu.obj
d:\flyingcar\3d-quadrotor\fcnd-controls-cpp\project\x64\debug\graph.obj
d:\flyingcar\3d-quadrotor\fcnd-controls-cpp\project\x64\debug\graphmanager.obj
d:\flyingcar\3d-quadrotor\fcnd-controls-cpp\project\x64\debug\visualizer_glut.obj
d:\flyingcar\3d-quadrotor\fcnd-controls-cpp\project\x64\debug\main.obj
d:\flyingcar\3d-quadrotor\fcnd-controls-cpp\project\x64\debug\geometry.obj
d:\flyingcar\3d-quadrotor\fcnd-controls-cpp\project\x64\debug\random.obj
d:\flyingcar\3d-quadrotor\fcnd-controls-cpp\project\x64\debug\mavlinknode.obj
d:\flyingcar\3d-quadrotor\fcnd-controls-cpp\project\x64\debug\mavlinktranslation.obj
d:\flyingcar\3d-quadrotor\fcnd-controls-cpp\project\x64\debug\practicalsocket.obj
d:\flyingcar\3d-quadrotor\fcnd-controls-cpp\project\x64\debug\quadcontrol.obj
d:\flyingcar\3d-quadrotor\fcnd-controls-cpp\project\x64\debug\basedynamics.obj
d:\flyingcar\3d-quadrotor\fcnd-controls-cpp\project\x64\debug\quaddynamics.obj
d:\flyingcar\3d-quadrotor\fcnd-controls-cpp\project\x64\debug\simulator.obj
d:\flyingcar\3d-quadrotor\fcnd-controls-cpp\project\x64\debug\trajectory.obj
d:\flyingcar\3d-quadrotor\fcnd-controls-cpp\project\x64\debug\camera.obj
d:\flyingcar\3d-quadrotor\fcnd-controls-cpp\project\x64\debug\simpleconfig.obj
d:\flyingcar\3d-quadrotor\fcnd-controls-cpp\project\x64\debug\timer.obj
d:\flyingcar\3d-quadrotor\fcnd-controls-cpp\project\x64\debug\basecontroller.obj
d:\flyingcar\3d-quadrotor\fcnd-controls-cpp\project\x64\debug\simulator.ilk
d:\flyingcar\3d-quadrotor\fcnd-controls-cpp\project\x64\debug\simulator.exe
d:\flyingcar\3d-quadrotor\fcnd-controls-cpp\project\x64\debug\simulator.pdb
d:\flyingcar\3d-quadrotor\fcnd-controls-cpp\project\x64\debug\vcpkg.applocal.log
d:\flyingcar\3d-quadrotor\fcnd-controls-cpp\project\x64\debug\simulator.tlog\cl.command.1.tlog
d:\flyingcar\3d-quadrotor\fcnd-controls-cpp\project\x64\debug\simulator.tlog\cl.read.1.tlog
d:\flyingcar\3d-quadrotor\fcnd-controls-cpp\project\x64\debug\simulator.tlog\cl.write.1.tlog
d:\flyingcar\3d-quadrotor\fcnd-controls-cpp\project\x64\debug\simulator.tlog\link.command.1.tlog
d:\flyingcar\3d-quadrotor\fcnd-controls-cpp\project\x64\debug\simulator.tlog\link.read.1.tlog
d:\flyingcar\3d-quadrotor\fcnd-controls-cpp\project\x64\debug\simulator.tlog\link.write.1.tlog
d:\flyingcar\3d-quadrotor\fcnd-controls-cpp\project\x64\debug\simulator.tlog\simulator.write.1u.tlog
